0 info it worked if it ends with ok
1 verbose cli [ '/usr/local/bin/node',
1 verbose cli   '/usr/local/bin/npm',
1 verbose cli   'run',
1 verbose cli   'build:development' ]
2 info using npm@3.10.3
3 info using node@v6.7.0
4 verbose run-script [ 'prebuild:development',
4 verbose run-script   'build:development',
4 verbose run-script   'postbuild:development' ]
5 info lifecycle react-webpack-rails-tutorial@0.0.1~prebuild:development: react-webpack-rails-tutorial@0.0.1
6 silly lifecycle react-webpack-rails-tutorial@0.0.1~prebuild:development: no script for prebuild:development, continuing
7 info lifecycle react-webpack-rails-tutorial@0.0.1~build:development: react-webpack-rails-tutorial@0.0.1
8 verbose lifecycle react-webpack-rails-tutorial@0.0.1~build:development: unsafe-perm in lifecycle true
9 verbose lifecycle react-webpack-rails-tutorial@0.0.1~build:development: PATH: /usr/local/lib/node_modules/npm/bin/node-gyp-bin:/Users/Nate/maxwell-interview-git/client/node_modules/.bin:/usr/local/bin:/Users/Nate/.rvm/gems/ruby-2.4.0@rails5.0/bin:/Users/Nate/.rvm/gems/ruby-2.4.0@global/bin:/Users/Nate/.rvm/rubies/ruby-2.4.0/bin:/Users/Nate/.rvm/bin:/usr/local/bin:/usr/bin:/bin:/usr/sbin:/sbin:/opt/X11/bin:User/.rvm/bin
10 verbose lifecycle react-webpack-rails-tutorial@0.0.1~build:development: CWD: /Users/Nate/maxwell-interview-git/client
11 silly lifecycle react-webpack-rails-tutorial@0.0.1~build:development: Args: [ '-c', 'webpack -w --config webpack.config.js' ]
12 silly lifecycle react-webpack-rails-tutorial@0.0.1~build:development: Returned: code: 1  signal: null
13 info lifecycle react-webpack-rails-tutorial@0.0.1~build:development: Failed to exec build:development script
14 verbose stack Error: react-webpack-rails-tutorial@0.0.1 build:development: `webpack -w --config webpack.config.js`
14 verbose stack Exit status 1
14 verbose stack     at EventEmitter.<anonymous> (/usr/local/lib/node_modules/npm/lib/utils/lifecycle.js:242:16)
14 verbose stack     at emitTwo (events.js:106:13)
14 verbose stack     at EventEmitter.emit (events.js:191:7)
14 verbose stack     at ChildProcess.<anonymous> (/usr/local/lib/node_modules/npm/lib/utils/spawn.js:40:14)
14 verbose stack     at emitTwo (events.js:106:13)
14 verbose stack     at ChildProcess.emit (events.js:191:7)
14 verbose stack     at maybeClose (internal/child_process.js:877:16)
14 verbose stack     at Process.ChildProcess._handle.onexit (internal/child_process.js:226:5)
15 verbose pkgid react-webpack-rails-tutorial@0.0.1
16 verbose cwd /Users/Nate/maxwell-interview-git/client
17 error Darwin 15.6.0
18 error argv "/usr/local/bin/node" "/usr/local/bin/npm" "run" "build:development"
19 error node v6.7.0
20 error npm  v3.10.3
21 error code ELIFECYCLE
22 error react-webpack-rails-tutorial@0.0.1 build:development: `webpack -w --config webpack.config.js`
22 error Exit status 1
23 error Failed at the react-webpack-rails-tutorial@0.0.1 build:development script 'webpack -w --config webpack.config.js'.
23 error Make sure you have the latest version of node.js and npm installed.
23 error If you do, this is most likely a problem with the react-webpack-rails-tutorial package,
23 error not with npm itself.
23 error Tell the author that this fails on your system:
23 error     webpack -w --config webpack.config.js
23 error You can get information on how to open an issue for this project with:
23 error     npm bugs react-webpack-rails-tutorial
23 error Or if that isn't available, you can get their info via:
23 error     npm owner ls react-webpack-rails-tutorial
23 error There is likely additional logging output above.
24 verbose exit [ 1, true ]
